-------------------------------------------------------------------------------
Test set: AboveAverageTransactionAmountTest
-------------------------------------------------------------------------------
Tests run: 1, Failures: 1, Errors: 0, Skipped: 0, Time elapsed: 0.31 s <<< FAILURE! - in AboveAverageTransactionAmountTest
aboveAverageTransactionAmount  Time elapsed: 0.305 s  <<< FAILURE!
java.lang.AssertionError
	at AboveAverageTransactionAmountTest.aboveAverageTransactionAmount(AboveAverageTransactionAmountTest.java:42)

