-------------------------------------------------------------------------------
Test set: CredTests
-------------------------------------------------------------------------------
Tests run: 6, Failures: 1, Errors: 0, Skipped: 0, Time elapsed: 11.171 s <<< FAILURE! - in CredTests
multipleTransactionInShortTimeOnFarLocation  Time elapsed: 1.113 s  <<< FAILURE!
java.lang.AssertionError: expected:<true> but was:<false>
	at CredTests.multipleTransactionInShortTimeOnFarLocation(CredTests.java:237)

