<?xml version="1.0" encoding="UTF-8"?>
<testsuite xmlns:xsi="http://www.w3.org/2001/XMLSchema-instance" xsi:noNamespaceSchemaLocation="https://maven.apache.org/surefire/maven-surefire-plugin/xsd/surefire-test-report.xsd" name="CredTests" time="11.171" tests="6" errors="0" skipped="0" failures="1">
  <properties>
[...]
</properties>
  <testcase name="happyPath" classname="CredTests" time="6.528"/>
  <testcase name="multipleTransactionInShortTimeOnFarLocation" classname="CredTests" time="1.113">
    <failure message="expected:&lt;true&gt; but was:&lt;false&gt;" type="java.lang.AssertionError"><![CDATA[java.lang.AssertionError: expected:<true> but was:<false>
	at CredTests.multipleTransactionInShortTimeOnFarLocation(CredTests.java:237)
]]></failure>
    <system-out><![CDATA[22:19:04.201 [main] DEBUG org.drools.compiler.kie.builder.impl.KieRepositoryImpl - KieModule Lookup. ReleaseId sbnz.integracija2:drools-spring-kjar2:0.0.1-SNAPSHOT was not in cache, checking classpath
22:19:04.202 [main] DEBUG org.drools.compiler.kie.builder.impl.KieRepositoryImpl - KieModule Lookup. ReleaseId sbnz.integracija2:drools-spring-kjar2:0.0.1-SNAPSHOT was not in cache, checking maven repository
22:19:04.203 [main] DEBUG org.eclipse.aether.internal.impl.DefaultUpdateCheckManager - Skipped remote request for sbnz.integracija2:drools-spring-kjar2:0.0.1-SNAPSHOT/maven-metadata.xml, locally installed metadata up-to-date.
22:19:04.217 [main] INFO org.drools.compiler.kie.builder.impl.InternalKieModuleProvider - Creating KieModule for artifact sbnz.integracija2:drools-spring-kjar2:0.0.1-SNAPSHOT
22:19:04.221 [main] INFO org.drools.modelcompiler.CanonicalKieModuleProvider - No executable model found for artifact sbnz.integracija2:drools-spring-kjar2:0.0.1-SNAPSHOT. Falling back to resources parsing.
22:19:04.222 [main] DEBUG org.eclipse.aether.internal.impl.DefaultUpdateCheckManager - Skipped remote request for sbnz.integracija2:drools-spring-kjar2:0.0.1-SNAPSHOT/maven-metadata.xml, locally installed metadata up-to-date.
22:19:04.224 [main] DEBUG org.eclipse.aether.internal.impl.DefaultUpdateCheckManager - Skipped remote request for sbnz.integracija2:drools-spring-kjar2:0.0.1-SNAPSHOT/maven-metadata.xml, locally installed metadata up-to-date.
22:19:04.226 [main] DEBUG org.eclipse.aether.internal.impl.DefaultUpdateCheckManager - Skipped remote request for sbnz.integracija2:drools-spring-kjar2:0.0.1-SNAPSHOT/maven-metadata.xml, locally installed metadata up-to-date.
22:19:04.234 [main] DEBUG org.eclipse.aether.internal.impl.DefaultUpdateCheckManager - Skipped remote request for demo:facts2:1.0-SNAPSHOT/maven-metadata.xml, locally installed metadata up-to-date.
22:19:04.235 [main] DEBUG org.eclipse.aether.internal.impl.DefaultUpdateCheckManager - Skipped remote request for demo:facts2:1.0-SNAPSHOT/maven-metadata.xml, locally installed metadata up-to-date.
22:19:04.237 [main] DEBUG org.eclipse.aether.internal.impl.DefaultUpdateCheckManager - Skipped remote request for demo:facts2:1.0-SNAPSHOT/maven-metadata.xml, locally installed metadata up-to-date.
22:19:04.250 [main] DEBUG org.eclipse.aether.internal.impl.DefaultDependencyCollector - Dependency collection stats: {ConflictMarker.analyzeTime=0, ConflictMarker.markTime=0, ConflictMarker.nodeCount=4, ConflictIdSorter.graphTime=0, ConflictIdSorter.topsortTime=0, ConflictIdSorter.conflictIdCount=4, ConflictIdSorter.conflictIdCycleCount=0, ConflictResolver.totalTime=1, ConflictResolver.conflictItemCount=4, DefaultDependencyCollector.collectTime=28, DefaultDependencyCollector.transformTime=1}
22:19:04.250 [main] DEBUG org.drools.compiler.kie.builder.impl.KieRepositoryImpl - KieModule Lookup. ReleaseId demo:facts2:1.0-SNAPSHOT was not in cache, checking classpath
22:19:04.251 [main] DEBUG org.drools.compiler.kie.builder.impl.KieRepositoryImpl - KieModule Lookup. ReleaseId demo:facts2:1.0-SNAPSHOT was not in cache, checking maven repository
22:19:04.252 [main] DEBUG org.eclipse.aether.internal.impl.DefaultUpdateCheckManager - Skipped remote request for demo:facts2:1.0-SNAPSHOT/maven-metadata.xml, locally installed metadata up-to-date.
22:19:04.257 [main] DEBUG org.eclipse.aether.internal.impl.DefaultUpdateCheckManager - Skipped remote request for demo:facts2:1.0-SNAPSHOT/maven-metadata.xml, locally installed metadata up-to-date.
22:19:04.260 [main] DEBUG org.drools.compiler.kie.builder.impl.KieRepositoryImpl - KieModule Lookup. ReleaseId org.springframework:spring-core:5.2.10.RELEASE was not in cache, checking classpath
22:19:04.261 [main] DEBUG org.drools.compiler.kie.builder.impl.KieRepositoryImpl - KieModule Lookup. ReleaseId org.springframework:spring-core:5.2.10.RELEASE was not in cache, checking maven repository
22:19:04.265 [main] DEBUG org.drools.compiler.kie.builder.impl.KieRepositoryImpl - KieModule Lookup. ReleaseId org.springframework:spring-jcl:5.2.10.RELEASE was not in cache, checking classpath
22:19:04.266 [main] DEBUG org.drools.compiler.kie.builder.impl.KieRepositoryImpl - KieModule Lookup. ReleaseId org.springframework:spring-jcl:5.2.10.RELEASE was not in cache, checking maven repository
22:19:04.271 [main] DEBUG org.appformer.maven.integration.embedder.MavenEmbedderUtils - Not in OSGi: using plexus based maven parser
22:19:04.420 [main] DEBUG org.eclipse.aether.internal.impl.DefaultLocalRepositoryProvider - Using manager EnhancedLocalRepositoryManager with priority 10.0 for C:\Users\Mihaela\.m2\repository
22:19:04.422 [main] DEBUG org.eclipse.aether.internal.impl.DefaultLocalRepositoryProvider - Using manager EnhancedLocalRepositoryManager with priority 10.0 for C:\Users\Mihaela\.m2\repository
22:19:04.444 [main] DEBUG org.eclipse.aether.internal.impl.DefaultDependencyCollector - Dependency collection stats: {ConflictMarker.analyzeTime=0, ConflictMarker.markTime=1, ConflictMarker.nodeCount=4, ConflictIdSorter.graphTime=0, ConflictIdSorter.topsortTime=0, ConflictIdSorter.conflictIdCount=3, ConflictIdSorter.conflictIdCycleCount=0, ConflictResolver.totalTime=0, ConflictResolver.conflictItemCount=3, DefaultDependencyCollector.collectTime=14, DefaultDependencyCollector.transformTime=1}
22:19:04.453 [main] DEBUG org.eclipse.aether.internal.impl.DefaultLocalRepositoryProvider - Using manager EnhancedLocalRepositoryManager with priority 10.0 for C:\Users\Mihaela\.m2\repository
22:19:04.455 [main] DEBUG org.eclipse.aether.internal.impl.DefaultUpdateCheckManager - Skipped remote request for demo:facts2:1.0-SNAPSHOT/maven-metadata.xml, locally installed metadata up-to-date.
22:19:04.463 [main] DEBUG org.appformer.maven.integration.embedder.MavenEmbedderUtils - Not in OSGi: using plexus based maven parser
22:19:04.597 [main] DEBUG org.eclipse.aether.internal.impl.DefaultLocalRepositoryProvider - Using manager EnhancedLocalRepositoryManager with priority 10.0 for C:\Users\Mihaela\.m2\repository
22:19:04.600 [main] DEBUG org.eclipse.aether.internal.impl.DefaultLocalRepositoryProvider - Using manager EnhancedLocalRepositoryManager with priority 10.0 for C:\Users\Mihaela\.m2\repository
22:19:04.637 [main] DEBUG org.eclipse.aether.internal.impl.DefaultDependencyCollector - Dependency collection stats: {ConflictMarker.analyzeTime=0, ConflictMarker.markTime=1, ConflictMarker.nodeCount=4, ConflictIdSorter.graphTime=0, ConflictIdSorter.topsortTime=0, ConflictIdSorter.conflictIdCount=3, ConflictIdSorter.conflictIdCycleCount=0, ConflictResolver.totalTime=0, ConflictResolver.conflictItemCount=3, DefaultDependencyCollector.collectTime=30, DefaultDependencyCollector.transformTime=1}
22:19:04.644 [main] DEBUG org.eclipse.aether.internal.impl.DefaultLocalRepositoryProvider - Using manager EnhancedLocalRepositoryManager with priority 10.0 for C:\Users\Mihaela\.m2\repository
22:19:04.646 [main] DEBUG org.eclipse.aether.internal.impl.DefaultUpdateCheckManager - Skipped remote request for demo:facts2:1.0-SNAPSHOT/maven-metadata.xml, locally installed metadata up-to-date.
22:19:04.648 [main] DEBUG org.eclipse.aether.internal.impl.DefaultUpdateCheckManager - Skipped remote request for demo:facts2:1.0-SNAPSHOT/maven-metadata.xml, locally installed metadata up-to-date.
22:19:04.649 [main] DEBUG org.eclipse.aether.internal.impl.DefaultUpdateCheckManager - Skipped remote request for demo:facts2:1.0-SNAPSHOT/maven-metadata.xml, locally installed metadata up-to-date.
22:19:04.661 [main] DEBUG org.eclipse.aether.internal.impl.DefaultDependencyCollector - Dependency collection stats: {ConflictMarker.analyzeTime=0, ConflictMarker.markTime=0, ConflictMarker.nodeCount=3, ConflictIdSorter.graphTime=0, ConflictIdSorter.topsortTime=0, ConflictIdSorter.conflictIdCount=3, ConflictIdSorter.conflictIdCycleCount=0, ConflictResolver.totalTime=0, ConflictResolver.conflictItemCount=3, DefaultDependencyCollector.collectTime=16, DefaultDependencyCollector.transformTime=0}
22:19:04.664 [main] DEBUG org.kie.api.builder.KieScanner - org.springframework:spring-jcl:jar:5.2.10.RELEASE resolved to  C:\Users\Mihaela\.m2\repository\org\springframework\spring-jcl\5.2.10.RELEASE\spring-jcl-5.2.10.RELEASE.jar
22:19:04.666 [main] DEBUG org.kie.api.builder.KieScanner - org.springframework:spring-core:jar:5.2.10.RELEASE resolved to  C:\Users\Mihaela\.m2\repository\org\springframework\spring-core\5.2.10.RELEASE\spring-core-5.2.10.RELEASE.jar
22:19:04.668 [main] DEBUG org.eclipse.aether.internal.impl.DefaultUpdateCheckManager - Skipped remote request for demo:facts2:1.0-SNAPSHOT/maven-metadata.xml, locally installed metadata up-to-date.
22:19:04.671 [main] DEBUG org.kie.api.builder.KieScanner - demo:facts2:jar:1.0-SNAPSHOT resolved to  C:\Users\Mihaela\.m2\repository\demo\facts2\1.0-SNAPSHOT\facts2-1.0-SNAPSHOT.jar
22:19:04.671 [main] INFO org.drools.compiler.kie.builder.impl.KieContainerImpl - Start creation of KieBase: transaction-kbase
22:19:04.674 [main] DEBUG org.drools.compiler.compiler.JavaDialectConfiguration - Selected compiler ECLIPSE [drools.dialect.java.compiler:null, hasEclipseCompiler:true]
22:19:05.275 [main] INFO org.drools.compiler.kie.builder.impl.KieContainerImpl - End creation of KieBase: transaction-kbase
22:19:05.278 [main] DEBUG org.drools.core.common.DefaultAgenda - State was INACTIVE is now FIRING_ALL_RULES
Transaction 53d71844-85c4-45f4-a7cb-ee5f23f4779b isn't suspicious.
22:19:05.301 [main] DEBUG org.drools.core.common.DefaultAgenda - State was FIRING_ALL_RULES is now HALTING
22:19:05.301 [main] DEBUG org.drools.core.common.DefaultAgenda - State was HALTING is now INACTIVE
]]></system-out>
  </testcase>
  <testcase name="bigTransactionOverNight" classname="CredTests" time="0.953"/>
  <testcase name="unusualLocation" classname="CredTests" time="0.887"/>
  <testcase name="amountAboveAverage" classname="CredTests" time="0.826"/>
  <testcase name="multipleTransactionInShortTime" classname="CredTests" time="0.857"/>
</testsuite>