<?xml version="1.0" encoding="UTF-8"?>
<testsuite xmlns:xsi="http://www.w3.org/2001/XMLSchema-instance" xsi:noNamespaceSchemaLocation="https://maven.apache.org/surefire/maven-surefire-plugin/xsd/surefire-test-report.xsd" name="AboveAverageTransactionAmountTest" time="0.31" tests="1" errors="0" skipped="0" failures="1">
  <properties>
[...]
</properties>
  <testcase name="aboveAverageTransactionAmount" classname="AboveAverageTransactionAmountTest" time="0.305">
    <failure type="java.lang.AssertionError">java.lang.AssertionError
	at AboveAverageTransactionAmountTest.aboveAverageTransactionAmount(AboveAverageTransactionAmountTest.java:42)
</failure>
    <system-out><![CDATA[10:43:27.483 [main] DEBUG org.kie.api.internal.utils.ServiceDiscoveryImpl - Discovered kie.conf files: [jar:file:/C:/Users/petar/.m2/repository/org/kie/kie-ci/7.73.0.Final/kie-ci-7.73.0.Final.jar!/META-INF/kie/kie-ci/kie.conf, jar:file:/C:/Users/petar/.m2/repository/org/drools/drools-core/7.73.0.Final/drools-core-7.73.0.Final.jar!/META-INF/kie/drools-core/kie.conf, jar:file:/C:/Users/petar/.m2/repository/org/drools/drools-compiler/7.73.0.Final/drools-compiler-7.73.0.Final.jar!/META-INF/kie/drools-compiler/kie.conf, jar:file:/C:/Users/petar/.m2/repository/org/drools/drools-mvel/7.73.0.Final/drools-mvel-7.73.0.Final.jar!/META-INF/kie/drools-mvel/kie.conf, jar:file:/C:/Users/petar/.m2/repository/org/drools/drools-serialization-protobuf/7.73.0.Final/drools-serialization-protobuf-7.73.0.Final.jar!/META-INF/kie/drools-serialization-protobuf/kie.conf, jar:file:/C:/Users/petar/.m2/repository/org/kie/kie-internal/7.73.0.Final/kie-internal-7.73.0.Final.jar!/META-INF/kie/kie-internal/kie.conf, jar:file:/C:/Users/petar/.m2/repository/org/jbpm/jbpm-flow/7.73.0.Final/jbpm-flow-7.73.0.Final.jar!/META-INF/kie/jbpm-flow/kie.conf, jar:file:/C:/Users/petar/.m2/repository/org/kie/kie-dmn-core/7.73.0.Final/kie-dmn-core-7.73.0.Final.jar!/META-INF/kie/kie-dmn-core/kie.conf, jar:file:/C:/Users/petar/.m2/repository/org/drools/drools-ruleunit/7.73.0.Final/drools-ruleunit-7.73.0.Final.jar!/META-INF/kie/drools-ruleunit/kie.conf, jar:file:/C:/Users/petar/.m2/repository/org/drools/drools-model-compiler/7.73.0.Final/drools-model-compiler-7.73.0.Final.jar!/META-INF/kie/drools-model-compiler/kie.conf, jar:file:/C:/Users/petar/.m2/repository/org/drools/drools-alphanetwork-compiler/7.73.0.Final/drools-alphanetwork-compiler-7.73.0.Final.jar!/META-INF/kie/drools-alphanetwork-compiler/kie.conf, jar:file:/C:/Users/petar/.m2/repository/org/drools/drools-decisiontables/7.73.0.Final/drools-decisiontables-7.73.0.Final.jar!/META-INF/kie/drools-decisiontables/kie.conf]
10:43:27.487 [main] DEBUG org.kie.api.internal.utils.ServiceDiscoveryImpl - Loading kie.conf from jar:file:/C:/Users/petar/.m2/repository/org/kie/kie-ci/7.73.0.Final/kie-ci-7.73.0.Final.jar!/META-INF/kie/kie-ci/kie.conf in classloader jdk.internal.loader.ClassLoaders$AppClassLoader@70dea4e
10:43:27.491 [main] DEBUG org.kie.api.internal.utils.ServiceDiscoveryImpl - Added Service org.kie.scanner.KieScannerFactoryServiceImpl with priority 0
10:43:27.497 [main] DEBUG org.kie.api.internal.utils.ServiceDiscoveryImpl - Added Service org.kie.scanner.MavenClassLoaderResolver with priority 0
10:43:27.497 [main] DEBUG org.kie.api.internal.utils.ServiceDiscoveryImpl - Loading kie.conf from jar:file:/C:/Users/petar/.m2/repository/org/drools/drools-core/7.73.0.Final/drools-core-7.73.0.Final.jar!/META-INF/kie/drools-core/kie.conf in classloader jdk.internal.loader.ClassLoaders$AppClassLoader@70dea4e
10:43:27.499 [main] DEBUG org.kie.api.internal.utils.ServiceDiscoveryImpl - Added Service org.drools.core.io.impl.ResourceFactoryServiceImpl with priority 0
10:43:27.500 [main] DEBUG org.kie.api.internal.utils.ServiceDiscoveryImpl - Added Service org.drools.core.concurrent.ExecutorProviderImpl with priority 0
10:43:27.501 [main] DEBUG org.kie.api.internal.utils.ServiceDiscoveryImpl - Loading kie.conf from jar:file:/C:/Users/petar/.m2/repository/org/drools/drools-compiler/7.73.0.Final/drools-compiler-7.73.0.Final.jar!/META-INF/kie/drools-compiler/kie.conf in classloader jdk.internal.loader.ClassLoaders$AppClassLoader@70dea4e
10:43:27.507 [main] DEBUG org.kie.api.internal.utils.ServiceDiscoveryImpl - Added Service org.drools.compiler.kie.builder.impl.KieServicesImpl with priority 0
10:43:27.510 [main] DEBUG org.kie.api.internal.utils.ServiceDiscoveryImpl - Added Service org.drools.compiler.builder.impl.KnowledgeBuilderFactoryServiceImpl with priority 0
10:43:27.510 [main] DEBUG org.kie.api.internal.utils.ServiceDiscoveryImpl - Added Service org.drools.compiler.builder.impl.JaxbConfigurationFactoryServiceImpl with priority 0
10:43:27.511 [main] DEBUG org.kie.api.internal.utils.ServiceDiscoveryImpl - Added Service org.drools.compiler.kie.builder.impl.KieBaseUpdatersImpl with priority 0
10:43:27.511 [main] DEBUG org.kie.api.internal.utils.ServiceDiscoveryImpl - Loading kie.conf from jar:file:/C:/Users/petar/.m2/repository/org/drools/drools-mvel/7.73.0.Final/drools-mvel-7.73.0.Final.jar!/META-INF/kie/drools-mvel/kie.conf in classloader jdk.internal.loader.ClassLoaders$AppClassLoader@70dea4e
10:43:27.559 [main] DEBUG org.kie.api.internal.utils.ServiceDiscoveryImpl - Added Service org.drools.mvel.MVELConstraintBuilder with priority 0
10:43:27.561 [main] DEBUG org.kie.api.internal.utils.ServiceDiscoveryImpl - Added Service org.drools.mvel.MVELCoreComponentsBuilder with priority 0
10:43:27.564 [main] DEBUG org.kie.api.internal.utils.ServiceDiscoveryImpl - Added Service org.drools.mvel.asm.ClassFieldAccessorFactory with priority 0
10:43:27.573 [main] DEBUG org.kie.api.internal.utils.ServiceDiscoveryImpl - Added Service org.drools.mvel.asm.DefaultClassBuilderFactory with priority 0
10:43:27.573 [main] DEBUG org.kie.api.internal.utils.ServiceDiscoveryImpl - Loading kie.conf from jar:file:/C:/Users/petar/.m2/repository/org/drools/drools-serialization-protobuf/7.73.0.Final/drools-serialization-protobuf-7.73.0.Final.jar!/META-INF/kie/drools-serialization-protobuf/kie.conf in classloader jdk.internal.loader.ClassLoaders$AppClassLoader@70dea4e
10:43:27.577 [main] DEBUG org.kie.api.internal.utils.ServiceDiscoveryImpl - Added Service org.drools.serialization.protobuf.MarshallerProviderImpl with priority 0
10:43:27.578 [main] DEBUG org.kie.api.internal.utils.ServiceDiscoveryImpl - Added Service org.drools.serialization.protobuf.CompilationCacheProviderImpl with priority 0
10:43:27.578 [main] DEBUG org.kie.api.internal.utils.ServiceDiscoveryImpl - Loading kie.conf from jar:file:/C:/Users/petar/.m2/repository/org/kie/kie-internal/7.73.0.Final/kie-internal-7.73.0.Final.jar!/META-INF/kie/kie-internal/kie.conf in classloader jdk.internal.loader.ClassLoaders$AppClassLoader@70dea4e
10:43:27.580 [main] DEBUG org.kie.api.internal.utils.ServiceDiscoveryImpl - Added Service org.kie.internal.services.KieAssemblersImpl with priority 0
10:43:27.581 [main] DEBUG org.kie.api.internal.utils.ServiceDiscoveryImpl - Added Service org.kie.internal.services.KieRuntimesImpl with priority 0
10:43:27.582 [main] DEBUG org.kie.api.internal.utils.ServiceDiscoveryImpl - Added Service org.kie.internal.services.KieWeaversImpl with priority 0
10:43:27.584 [main] DEBUG org.kie.api.internal.utils.ServiceDiscoveryImpl - Added Service org.kie.internal.services.KieBeliefsImpl with priority 0
10:43:27.584 [main] DEBUG org.kie.api.internal.utils.ServiceDiscoveryImpl - Loading kie.conf from jar:file:/C:/Users/petar/.m2/repository/org/jbpm/jbpm-flow/7.73.0.Final/jbpm-flow-7.73.0.Final.jar!/META-INF/kie/jbpm-flow/kie.conf in classloader jdk.internal.loader.ClassLoaders$AppClassLoader@70dea4e
10:43:27.585 [main] DEBUG org.kie.api.internal.utils.ServiceDiscoveryImpl - Added Service org.jbpm.marshalling.impl.ProcessMarshallerFactoryServiceImpl with priority 0
10:43:27.587 [main] DEBUG org.kie.api.internal.utils.ServiceDiscoveryImpl - Added Service org.jbpm.process.instance.ProcessRuntimeFactoryServiceImpl with priority 0
10:43:27.588 [main] DEBUG org.kie.api.internal.utils.ServiceDiscoveryImpl - Loading kie.conf from jar:file:/C:/Users/petar/.m2/repository/org/kie/kie-dmn-core/7.73.0.Final/kie-dmn-core-7.73.0.Final.jar!/META-INF/kie/kie-dmn-core/kie.conf in classloader jdk.internal.loader.ClassLoaders$AppClassLoader@70dea4e
10:43:27.592 [main] DEBUG org.kie.api.internal.utils.ServiceDiscoveryImpl - Added child Service +org.kie.dmn.core.assembler.DMNAssemblerService
10:43:27.594 [main] DEBUG org.kie.api.internal.utils.ServiceDiscoveryImpl - Added child Service +org.kie.dmn.core.runtime.DMNRuntimeService
10:43:27.595 [main] DEBUG org.kie.api.internal.utils.ServiceDiscoveryImpl - Added child Service +org.kie.dmn.core.weaver.DMNWeaverService
10:43:27.595 [main] DEBUG org.kie.api.internal.utils.ServiceDiscoveryImpl - Loading kie.conf from jar:file:/C:/Users/petar/.m2/repository/org/drools/drools-ruleunit/7.73.0.Final/drools-ruleunit-7.73.0.Final.jar!/META-INF/kie/drools-ruleunit/kie.conf in classloader jdk.internal.loader.ClassLoaders$AppClassLoader@70dea4e
10:43:27.596 [main] DEBUG org.kie.api.internal.utils.ServiceDiscoveryImpl - Added Service org.drools.ruleunit.impl.RuleUnitComponentFactoryImpl with priority 0
10:43:27.596 [main] DEBUG org.kie.api.internal.utils.ServiceDiscoveryImpl - Loading kie.conf from jar:file:/C:/Users/petar/.m2/repository/org/drools/drools-model-compiler/7.73.0.Final/drools-model-compiler-7.73.0.Final.jar!/META-INF/kie/drools-model-compiler/kie.conf in classloader jdk.internal.loader.ClassLoaders$AppClassLoader@70dea4e
10:43:27.598 [main] DEBUG org.kie.api.internal.utils.ServiceDiscoveryImpl - Added Service org.drools.modelcompiler.CanonicalKieModuleProvider with priority 0
10:43:27.599 [main] DEBUG org.kie.api.internal.utils.ServiceDiscoveryImpl - Added child Service +org.drools.modelcompiler.drlx.DrlxAssembler
10:43:27.599 [main] DEBUG org.kie.api.internal.utils.ServiceDiscoveryImpl - Loading kie.conf from jar:file:/C:/Users/petar/.m2/repository/org/drools/drools-alphanetwork-compiler/7.73.0.Final/drools-alphanetwork-compiler-7.73.0.Final.jar!/META-INF/kie/drools-alphanetwork-compiler/kie.conf in classloader jdk.internal.loader.ClassLoaders$AppClassLoader@70dea4e
10:43:27.601 [main] DEBUG org.kie.api.internal.utils.ServiceDiscoveryImpl - Added child Service +org.drools.ancompiler.KieBaseUpdaterANCFactory
10:43:27.601 [main] DEBUG org.kie.api.internal.utils.ServiceDiscoveryImpl - Loading kie.conf from jar:file:/C:/Users/petar/.m2/repository/org/drools/drools-decisiontables/7.73.0.Final/drools-decisiontables-7.73.0.Final.jar!/META-INF/kie/drools-decisiontables/kie.conf in classloader jdk.internal.loader.ClassLoaders$AppClassLoader@70dea4e
10:43:27.603 [main] DEBUG org.kie.api.internal.utils.ServiceDiscoveryImpl - Added Service org.drools.decisiontable.DecisionTableProviderImpl with priority 0
10:43:27.604 [main] DEBUG org.kie.api.internal.utils.ServiceDiscoveryImpl - Service org.kie.internal.builder.KnowledgeBuilderFactoryService is implemented by org.drools.compiler.builder.impl.KnowledgeBuilderFactoryServiceImpl@514646ef
10:43:27.604 [main] DEBUG org.kie.api.internal.utils.ServiceDiscoveryImpl - Service org.kie.api.internal.runtime.beliefs.KieBeliefs is implemented by org.kie.internal.services.KieBeliefsImpl@305ffe9e
10:43:27.604 [main] DEBUG org.kie.api.internal.utils.ServiceDiscoveryImpl - Service org.drools.compiler.rule.builder.ConstraintBuilder is implemented by org.drools.mvel.MVELConstraintBuilder@302c971f
10:43:27.604 [main] DEBUG org.kie.api.internal.utils.ServiceDiscoveryImpl - Service org.drools.core.base.FieldAccessorFactory is implemented by org.drools.mvel.asm.ClassFieldAccessorFactory@1972e513
10:43:27.604 [main] DEBUG org.kie.api.internal.utils.ServiceDiscoveryImpl - Service org.drools.compiler.kie.builder.impl.KieBaseUpdaters is implemented by org.drools.compiler.kie.builder.impl.KieBaseUpdatersImpl@7ae0a9ec
10:43:27.604 [main] DEBUG org.kie.api.internal.utils.ServiceDiscoveryImpl - Service org.kie.internal.builder.JaxbConfigurationFactoryService is implemented by org.drools.compiler.builder.impl.JaxbConfigurationFactoryServiceImpl@35841320
10:43:27.604 [main] DEBUG org.kie.api.internal.utils.ServiceDiscoveryImpl - Service org.kie.api.internal.assembler.KieAssemblers is implemented by org.kie.internal.services.KieAssemblersImpl@61c4eee0
10:43:27.606 [main] DEBUG org.kie.api.internal.utils.ServiceDiscoveryImpl - Service org.kie.api.builder.KieScannerFactoryService is implemented by org.kie.scanner.KieScannerFactoryServiceImpl@7fd50002
10:43:27.607 [main] DEBUG org.kie.api.internal.utils.ServiceDiscoveryImpl - Service org.kie.internal.ruleunit.RuleUnitComponentFactory is implemented by org.drools.ruleunit.impl.RuleUnitComponentFactoryImpl@533bda92
10:43:27.607 [main] DEBUG org.kie.api.internal.utils.ServiceDiscoveryImpl - Service org.drools.compiler.kie.builder.impl.InternalKieModuleProvider is implemented by org.drools.modelcompiler.CanonicalKieModuleProvider@304bb45b
10:43:27.607 [main] DEBUG org.kie.api.internal.utils.ServiceDiscoveryImpl - Service org.kie.internal.utils.ClassLoaderResolver is implemented by org.kie.scanner.MavenClassLoaderResolver@723ca036
10:43:27.607 [main] DEBUG org.kie.api.internal.utils.ServiceDiscoveryImpl - Service org.kie.api.internal.runtime.KieRuntimes is implemented by org.kie.internal.services.KieRuntimesImpl@25be7b63
10:43:27.607 [main] DEBUG org.kie.api.internal.utils.ServiceDiscoveryImpl - Service org.kie.api.io.KieResources is implemented by org.drools.core.io.impl.ResourceFactoryServiceImpl@28dcca0c
10:43:27.607 [main] DEBUG org.kie.api.internal.utils.ServiceDiscoveryImpl - Service org.drools.core.base.CoreComponentsBuilder is implemented by org.drools.mvel.MVELCoreComponentsBuilder@45d84a20
10:43:27.607 [main] DEBUG org.kie.api.internal.utils.ServiceDiscoveryImpl - Service org.drools.core.factmodel.ClassBuilderFactory is implemented by org.drools.mvel.asm.DefaultClassBuilderFactory@52f27fbd
10:43:27.607 [main] DEBUG org.kie.api.internal.utils.ServiceDiscoveryImpl - Service org.drools.core.marshalling.impl.ProcessMarshallerFactoryService is implemented by org.jbpm.marshalling.impl.ProcessMarshallerFactoryServiceImpl@4c163e3
10:43:27.607 [main] DEBUG org.kie.api.internal.utils.ServiceDiscoveryImpl - Service org.drools.compiler.compiler.DecisionTableProvider is implemented by org.drools.decisiontable.DecisionTableProviderImpl@4a8355dd
10:43:27.607 [main] DEBUG org.kie.api.internal.utils.ServiceDiscoveryImpl - Service org.drools.core.runtime.process.ProcessRuntimeFactoryService is implemented by org.jbpm.process.instance.ProcessRuntimeFactoryServiceImpl@4d0d9fe7
10:43:27.607 [main] DEBUG org.kie.api.internal.utils.ServiceDiscoveryImpl - Service org.kie.api.concurrent.KieExecutors is implemented by org.drools.core.concurrent.ExecutorProviderImpl@c430e6c
10:43:27.607 [main] DEBUG org.kie.api.internal.utils.ServiceDiscoveryImpl - Service org.kie.api.KieServices is implemented by org.drools.compiler.kie.builder.impl.KieServicesImpl@312aa7c
10:43:27.607 [main] DEBUG org.kie.api.internal.utils.ServiceDiscoveryImpl - Service org.drools.compiler.kie.builder.impl.CompilationCacheProvider is implemented by org.drools.serialization.protobuf.CompilationCacheProviderImpl@536f2a7e
10:43:27.607 [main] DEBUG org.kie.api.internal.utils.ServiceDiscoveryImpl - Service org.kie.api.marshalling.KieMarshallers is implemented by org.drools.serialization.protobuf.MarshallerProviderImpl@72bc6553
10:43:27.607 [main] DEBUG org.kie.api.internal.utils.ServiceDiscoveryImpl - Service org.kie.api.internal.weaver.KieWeavers is implemented by org.kie.internal.services.KieWeaversImpl@66982506
10:43:27.705 [main] ERROR org.drools.compiler.kie.builder.impl.KieContainerImpl - Unknown KieSession name: transaction-rules
10:43:27.707 [main] ERROR org.drools.compiler.kie.builder.impl.KieContainerImpl - Unknown KieSession name: transaction-rules
]]></system-out>
  </testcase>
</testsuite>