<?xml version="1.0" encoding="UTF-8"?>
<testsuite xmlns:xsi="http://www.w3.org/2001/XMLSchema-instance" xsi:noNamespaceSchemaLocation="https://maven.apache.org/surefire/maven-surefire-plugin/xsd/surefire-test-report.xsd" name="CredTests" time="15.627" tests="6" errors="0" skipped="0" failures="0">
  <properties>
[...]
</properties>
  <testcase name="happyPath" classname="CredTests" time="9.351"/>
  <testcase name="multipleTransactionInShortTimeOnFarLocation" classname="CredTests" time="1.623"/>
  <testcase name="bigTransactionOverNight" classname="CredTests" time="1.38"/>
  <testcase name="unusualLocation" classname="CredTests" time="1.123"/>
  <testcase name="amountAboveAverage" classname="CredTests" time="1.009"/>
  <testcase name="multipleTransactionInShortTime" classname="CredTests" time="1.125"/>
</testsuite>